<?xml version="1.0" encoding="UTF-8"?>
<testng-results ignored="0" total="1" passed="1" failed="0" skipped="0">
  <reporter-output>
  </reporter-output>
  <suite started-at="2022-12-29T10:45:39 IST" name="Default suite" finished-at="2022-12-29T10:45:40 IST" duration-ms="1403">
    <groups>
    </groups>
    <test started-at="2022-12-29T10:45:39 IST" name="Default test" finished-at="2022-12-29T10:45:40 IST" duration-ms="1403">
      <class name="myCode.Verify_RCB_TeamAsOnly4ForeignPlayers">
        <test-method signature="verifyTeamAsOnly4ForeignPlayers()[pri:0, instance:myCode.Verify_RCB_TeamAsOnly4ForeignPlayers@a2431d0]" started-at="2022-12-29T10:45:39 IST" name="verifyTeamAsOnly4ForeignPlayers" finished-at="2022-12-29T10:45:40 IST" duration-ms="1361" status="PASS">
          <reporter-output>
          </reporter-output>
        </test-method> <!-- verifyTeamAsOnly4ForeignPlayers -->
      </class> <!-- myCode.Verify_RCB_TeamAsOnly4ForeignPlayers -->
    </test> <!-- Default test -->
  </suite> <!-- Default suite -->
</testng-results>
