<?xml version="1.0" encoding="UTF-8"?>
<testng-results ignored="0" total="1" passed="1" failed="0" skipped="0">
  <reporter-output>
  </reporter-output>
  <suite started-at="2022-12-28T21:56:27 IST" name="Default suite" finished-at="2022-12-28T21:56:28 IST" duration-ms="1441">
    <groups>
    </groups>
    <test started-at="2022-12-28T21:56:27 IST" name="Default test" finished-at="2022-12-28T21:56:28 IST" duration-ms="1441">
      <class name="myCode.RCBTeamPlayers">
        <test-method signature="verifyTeamAsOnly4ForeignPlayers()[pri:0, instance:myCode.RCBTeamPlayers@a2431d0]" started-at="2022-12-28T21:56:27 IST" name="verifyTeamAsOnly4ForeignPlayers" finished-at="2022-12-28T21:56:28 IST" duration-ms="1381" status="PASS">
          <reporter-output>
          </reporter-output>
        </test-method> <!-- verifyTeamAsOnly4ForeignPlayers -->
      </class> <!-- myCode.RCBTeamPlayers -->
    </test> <!-- Default test -->
  </suite> <!-- Default suite -->
</testng-results>
